This is pdfTeX, Version 3.141592653-2.6-1.40.22 (TeX Live 2022/dev/Debian) (preloaded format=pdflatex 2026.4.10)  16 APR 2026 16:22
entering extended mode
 restricted \write18 enabled.
 %&-line parsing enabled.
**Rapport_For_The_King.tex
(./Rapport_For_The_King.tex
LaTeX2e <2021-11-15> patch level 1
L3 programming layer <2022-01-21>
(/usr/share/texlive/texmf-dist/tex/latex/base/article.cls
Document Class: article 2021/10/04 v1.4n Standard LaTeX document class
(/usr/share/texlive/texmf-dist/tex/latex/base/size11.clo
File: size11.clo 2021/10/04 v1.4n Standard LaTeX file (size option)
)
\c@part=\count185
\c@section=\count186
\c@subsection=\count187
\c@subsubsection=\count188
\c@paragraph=\count189
\c@subparagraph=\count190
\c@figure=\count191
\c@table=\count192
\abovecaptionskip=\skip47
\belowcaptionskip=\skip48
\bibindent=\dimen138
)
(/usr/share/texlive/texmf-dist/tex/latex/base/fontenc.sty
Package: fontenc 2021/04/29 v2.0v Standard LaTeX package
)
(/usr/share/texlive/texmf-dist/tex/latex/base/inputenc.sty
Package: inputenc 2021/02/14 v1.3d Input encoding file
\inpenc@prehook=\toks16
\inpenc@posthook=\toks17
)
(/usr/share/texlive/texmf-dist/tex/generic/babel/babel.sty
Package: babel 2022/01/26 3.70 The Babel package
\babel@savecnt=\count193
\U@D=\dimen139
\l@unhyphenated=\language87

(/usr/share/texlive/texmf-dist/tex/generic/babel/txtbabel.def)
\bbl@readstream=\read2
\bbl@dirlevel=\count194

(/usr/share/texlive/texmf-dist/tex/generic/babel-french/french.ldf
Language: french 2021/07/20 v3.5m French support from the babel system
Package babel Info: Hyphen rules for 'acadian' set to \l@french
(babel)             (\language10). Reported on input line 91.
Package babel Info: Hyphen rules for 'canadien' set to \l@french
(babel)             (\language10). Reported on input line 92.
\FB@nonchar=\count195
Package babel Info: Making : an active character on input line 430.
Package babel Info: Making ; an active character on input line 431.
Package babel Info: Making ! an active character on input line 432.
Package babel Info: Making ? an active character on input line 433.
\FBguill@level=\count196
\FBold@everypar=\toks18
\FB@Mht=\dimen140
\mc@charclass=\count197
\mc@charfam=\count198
\mc@charslot=\count199
\std@mcc=\count266
\dec@mcc=\count267
\listindentFB=\dimen141
\descindentFB=\dimen142
\labelindentFB=\dimen143
\labelwidthFB=\dimen144
\leftmarginFB=\dimen145
\parindentFFN=\dimen146
\FBfnindent=\dimen147
))
(/usr/share/texlive/texmf-dist/tex/latex/carlisle/scalefnt.sty)
(/usr/share/texlive/texmf-dist/tex/latex/graphics/keyval.sty
Package: keyval 2014/10/28 v1.15 key=value parser (DPC)
\KV@toks@=\toks19
)
(/usr/share/texlive/texmf-dist/tex/latex/graphics/color.sty
Package: color 2021/12/07 v1.3c Standard LaTeX Color (DPC)

(/usr/share/texlive/texmf-dist/tex/latex/graphics-cfg/color.cfg
File: color.cfg 2016/01/02 v1.6 sample color configuration
)
Package color Info: Driver file: pdftex.def on input line 149.

(/usr/share/texlive/texmf-dist/tex/latex/graphics-def/pdftex.def
File: pdftex.def 2020/10/05 v1.2a Graphics/color driver for pdftex
))
(/usr/share/texlive/texmf-dist/tex/latex/graphics/graphicx.sty
Package: graphicx 2021/09/16 v1.2d Enhanced LaTeX Graphics (DPC,SPQR)

(/usr/share/texlive/texmf-dist/tex/latex/graphics/graphics.sty
Package: graphics 2021/03/04 v1.4d Standard LaTeX Graphics (DPC,SPQR)

(/usr/share/texlive/texmf-dist/tex/latex/graphics/trig.sty
Package: trig 2021/08/11 v1.11 sin cos tan (DPC)
)
(/usr/share/texlive/texmf-dist/tex/latex/graphics-cfg/graphics.cfg
File: graphics.cfg 2016/06/04 v1.11 sample graphics configuration
)
Package graphics Info: Driver file: pdftex.def on input line 107.
)
\Gin@req@height=\dimen148
\Gin@req@width=\dimen149
)
(/usr/share/texlive/texmf-dist/tex/latex/float/float.sty
Package: float 2001/11/08 v1.3d Float enhancements (AL)
\c@float@type=\count268
\float@exts=\toks20
\float@box=\box50
\@float@everytoks=\toks21
\@floatcapt=\box51
)
(/usr/share/texlive/texmf-dist/tex/latex/hyperref/hyperref.sty
Package: hyperref 2021-06-07 v7.00m Hypertext links for LaTeX

(/usr/share/texlive/texmf-dist/tex/generic/ltxcmds/ltxcmds.sty
Package: ltxcmds 2020-05-10 v1.25 LaTeX kernel commands for general use (HO)
)
(/usr/share/texlive/texmf-dist/tex/generic/iftex/iftex.sty
Package: iftex 2020/03/06 v1.0d TeX engine tests
)
(/usr/share/texlive/texmf-dist/tex/generic/pdftexcmds/pdftexcmds.sty
Package: pdftexcmds 2020-06-27 v0.33 Utility functions of pdfTeX for LuaTeX (HO
)

(/usr/share/texlive/texmf-dist/tex/generic/infwarerr/infwarerr.sty
Package: infwarerr 2019/12/03 v1.5 Providing info/warning/error messages (HO)
)
Package pdftexcmds Info: \pdf@primitive is available.
Package pdftexcmds Info: \pdf@ifprimitive is available.
Package pdftexcmds Info: \pdfdraftmode found.
)
(/usr/share/texlive/texmf-dist/tex/generic/kvsetkeys/kvsetkeys.sty
Package: kvsetkeys 2019/12/15 v1.18 Key value parser (HO)
)
(/usr/share/texlive/texmf-dist/tex/generic/kvdefinekeys/kvdefinekeys.sty
Package: kvdefinekeys 2019-12-19 v1.6 Define keys (HO)
)
(/usr/share/texlive/texmf-dist/tex/generic/pdfescape/pdfescape.sty
Package: pdfescape 2019/12/09 v1.15 Implements pdfTeX's escape features (HO)
)
(/usr/share/texlive/texmf-dist/tex/latex/hycolor/hycolor.sty
Package: hycolor 2020-01-27 v1.10 Color options for hyperref/bookmark (HO)
)
(/usr/share/texlive/texmf-dist/tex/latex/letltxmacro/letltxmacro.sty
Package: letltxmacro 2019/12/03 v1.6 Let assignment for LaTeX macros (HO)
)
(/usr/share/texlive/texmf-dist/tex/latex/auxhook/auxhook.sty
Package: auxhook 2019-12-17 v1.6 Hooks for auxiliary files (HO)
)
(/usr/share/texlive/texmf-dist/tex/latex/kvoptions/kvoptions.sty
Package: kvoptions 2020-10-07 v3.14 Key value format for package options (HO)
)
\@linkdim=\dimen150
\Hy@linkcounter=\count269
\Hy@pagecounter=\count270

(/usr/share/texlive/texmf-dist/tex/latex/hyperref/pd1enc.def
File: pd1enc.def 2021-06-07 v7.00m Hyperref: PDFDocEncoding definition (HO)
Now handling font encoding PD1 ...
... no UTF-8 mapping file for font encoding PD1
)
(/usr/share/texlive/texmf-dist/tex/latex/hyperref/hyperref-langpatches.def
File: hyperref-langpatches.def 2021-06-07 v7.00m Hyperref: patches for babel la
nguages
)
(/usr/share/texlive/texmf-dist/tex/generic/intcalc/intcalc.sty
Package: intcalc 2019/12/15 v1.3 Expandable calculations with integers (HO)
)
(/usr/share/texlive/texmf-dist/tex/generic/etexcmds/etexcmds.sty
Package: etexcmds 2019/12/15 v1.7 Avoid name clashes with e-TeX commands (HO)
)
\Hy@SavedSpaceFactor=\count271

(/usr/share/texlive/texmf-dist/tex/latex/hyperref/puenc.def
File: puenc.def 2021-06-07 v7.00m Hyperref: PDF Unicode definition (HO)
Now handling font encoding PU ...
... no UTF-8 mapping file for font encoding PU
)
Package hyperref Info: Hyper figures OFF on input line 4192.
Package hyperref Info: Link nesting OFF on input line 4197.
Package hyperref Info: Hyper index ON on input line 4200.
Package hyperref Info: Plain pages OFF on input line 4207.
Package hyperref Info: Backreferencing OFF on input line 4212.
Package hyperref Info: Implicit mode ON; LaTeX internals redefined.
Package hyperref Info: Bookmarks ON on input line 4445.
\c@Hy@tempcnt=\count272

(/usr/share/texlive/texmf-dist/tex/latex/url/url.sty
\Urlmuskip=\muskip16
Package: url 2013/09/16  ver 3.4  Verb mode for urls, etc.
)
LaTeX Info: Redefining \url on input line 4804.
\XeTeXLinkMargin=\dimen151

(/usr/share/texlive/texmf-dist/tex/generic/bitset/bitset.sty
Package: bitset 2019/12/09 v1.3 Handle bit-vector datatype (HO)

(/usr/share/texlive/texmf-dist/tex/generic/bigintcalc/bigintcalc.sty
Package: bigintcalc 2019/12/15 v1.5 Expandable calculations on big integers (HO
)
))
\Fld@menulength=\count273
\Field@Width=\dimen152
\Fld@charsize=\dimen153
Package hyperref Info: Hyper figures OFF on input line 6076.
Package hyperref Info: Link nesting OFF on input line 6081.
Package hyperref Info: Hyper index ON on input line 6084.
Package hyperref Info: backreferencing OFF on input line 6091.
Package hyperref Info: Link coloring OFF on input line 6096.
Package hyperref Info: Link coloring with OCG OFF on input line 6101.
Package hyperref Info: PDF/A mode OFF on input line 6106.
LaTeX Info: Redefining \ref on input line 6146.
LaTeX Info: Redefining \pageref on input line 6150.

(/usr/share/texlive/texmf-dist/tex/latex/base/atbegshi-ltx.sty
Package: atbegshi-ltx 2021/01/10 v1.0c Emulation of the original atbegshi
package with kernel methods
)
\Hy@abspage=\count274
\c@Item=\count275
\c@Hfootnote=\count276
)
Package hyperref Info: Driver (autodetected): hpdftex.

(/usr/share/texlive/texmf-dist/tex/latex/hyperref/hpdftex.def
File: hpdftex.def 2021-06-07 v7.00m Hyperref driver for pdfTeX

(/usr/share/texlive/texmf-dist/tex/latex/base/atveryend-ltx.sty
Package: atveryend-ltx 2020/08/19 v1.0a Emulation of the original atveryend pac
kage
with kernel methods
)
\Fld@listcount=\count277
\c@bookmark@seq@number=\count278

(/usr/share/texlive/texmf-dist/tex/latex/rerunfilecheck/rerunfilecheck.sty
Package: rerunfilecheck 2019/12/05 v1.9 Rerun checks for auxiliary files (HO)

(/usr/share/texlive/texmf-dist/tex/generic/uniquecounter/uniquecounter.sty
Package: uniquecounter 2019/12/15 v1.4 Provide unlimited unique counter (HO)
)
Package uniquecounter Info: New unique counter `rerunfilecheck' on input line 2
86.
)
\Hy@SectionHShift=\skip49
)
(/usr/share/texlive/texmf-dist/tex/latex/tools/tabularx.sty
Package: tabularx 2020/01/15 v2.11c `tabularx' package (DPC)

(/usr/share/texlive/texmf-dist/tex/latex/tools/array.sty
Package: array 2021/10/04 v2.5f Tabular extension package (FMi)
\col@sep=\dimen154
\ar@mcellbox=\box52
\extrarowheight=\dimen155
\NC@list=\toks22
\extratabsurround=\skip50
\backup@length=\skip51
\ar@cellbox=\box53
)
\TX@col@width=\dimen156
\TX@old@table=\dimen157
\TX@old@col=\dimen158
\TX@target=\dimen159
\TX@delta=\dimen160
\TX@cols=\count279
\TX@ftn=\toks23
)
(/usr/share/texlive/texmf-dist/tex/latex/enumitem/enumitem.sty
Package: enumitem 2019/06/20 v3.9 Customized lists
\labelindent=\skip52
\enit@outerparindent=\dimen161
\enit@toks=\toks24
\enit@inbox=\box54
\enit@count@id=\count280
\enitdp@description=\count281
)
(/usr/share/texlive/texmf-dist/tex/latex/xltabular/xltabular.sty
Package: xltabular 2020/11/04 v0.2e `xltabular' package (hv,RN)

(/usr/share/texlive/texmf-dist/tex/latex/ltablex/ltablex.sty
Package: ltablex 2014/08/13 v1.1 Modified tabularx

(/usr/share/texlive/texmf-dist/tex/latex/tools/longtable.sty
Package: longtable 2021-09-01 v4.17 Multi-page Table package (DPC)
\LTleft=\skip53
\LTright=\skip54
\LTpre=\skip55
\LTpost=\skip56
\LTchunksize=\count282
\LTcapwidth=\dimen162
\LT@head=\box55
\LT@firsthead=\box56
\LT@foot=\box57
\LT@lastfoot=\box58
\LT@gbox=\box59
\LT@cols=\count283
\LT@rows=\count284
\c@LT@tables=\count285
\c@LT@chunks=\count286
\LT@p@ftn=\toks25
)))
(/usr/share/texlive/texmf-dist/tex/latex/l3backend/l3backend-pdftex.def
File: l3backend-pdftex.def 2022-01-12 L3 backend support: PDF output (pdfTeX)
\l__color_backend_stack_int=\count287
\l__pdf_internal_box=\box60
)
(./Rapport_For_The_King.aux

LaTeX Warning: Label `tab_taches' multiply defined.


LaTeX Warning: Label `tab_taches' multiply defined.

)
\openout1 = `Rapport_For_The_King.aux'.

LaTeX Font Info:    Checking defaults for OML/cmm/m/it on input line 15.
LaTeX Font Info:    ... okay on input line 15.
LaTeX Font Info:    Checking defaults for OMS/cmsy/m/n on input line 15.
LaTeX Font Info:    ... okay on input line 15.
LaTeX Font Info:    Checking defaults for OT1/cmr/m/n on input line 15.
LaTeX Font Info:    ... okay on input line 15.
LaTeX Font Info:    Checking defaults for T1/cmr/m/n on input line 15.
LaTeX Font Info:    ... okay on input line 15.
LaTeX Font Info:    Checking defaults for TS1/cmr/m/n on input line 15.
LaTeX Font Info:    ... okay on input line 15.
LaTeX Font Info:    Checking defaults for OMX/cmex/m/n on input line 15.
LaTeX Font Info:    ... okay on input line 15.
LaTeX Font Info:    Checking defaults for U/cmr/m/n on input line 15.
LaTeX Font Info:    ... okay on input line 15.
LaTeX Font Info:    Checking defaults for PD1/pdf/m/n on input line 15.
LaTeX Font Info:    ... okay on input line 15.
LaTeX Font Info:    Checking defaults for PU/pdf/m/n on input line 15.
LaTeX Font Info:    ... okay on input line 15.
LaTeX Info: Redefining \degres on input line 15.
Package french.ldf Info: Setting StandardItemizeEnv=true for
(french.ldf)             compatibility with enumitem package,
(french.ldf)             reported on input line 15.
Package french.ldf Info: Setting StandardEnumerateEnv=true for
(french.ldf)             compatibility with enumitem package,
(french.ldf)             reported on input line 15.
LaTeX Info: Redefining \up on input line 15.
 (/usr/share/texlive/texmf-dist/tex/context/base/mkii/supp-pdf.mkii
[Loading MPS to PDF converter (version 2006.09.02).]
\scratchcounter=\count288
\scratchdimen=\dimen163
\scratchbox=\box61
\nofMPsegments=\count289
\nofMParguments=\count290
\everyMPshowfont=\toks26
\MPscratchCnt=\count291
\MPscratchDim=\dimen164
\MPnumerator=\count292
\makeMPintoPDFobject=\count293
\everyMPtoPDFconversion=\toks27
) (/usr/share/texlive/texmf-dist/tex/latex/epstopdf-pkg/epstopdf-base.sty
Package: epstopdf-base 2020-01-24 v2.11 Base part for package epstopdf
Package epstopdf-base Info: Redefining graphics rule for `.eps' on input line 4
85.

(/usr/share/texlive/texmf-dist/tex/latex/latexconfig/epstopdf-sys.cfg
File: epstopdf-sys.cfg 2010/07/13 v1.3 Configuration of (r)epstopdf for TeX Liv
e
))
Package hyperref Info: Link coloring OFF on input line 15.

(/usr/share/texlive/texmf-dist/tex/latex/hyperref/nameref.sty
Package: nameref 2021-04-02 v2.47 Cross-referencing by name of section

(/usr/share/texlive/texmf-dist/tex/latex/refcount/refcount.sty
Package: refcount 2019/12/15 v3.6 Data extraction from label references (HO)
)
(/usr/share/texlive/texmf-dist/tex/generic/gettitlestring/gettitlestring.sty
Package: gettitlestring 2019/12/15 v1.6 Cleanup title references (HO)
)
\c@section@level=\count294
)
LaTeX Info: Redefining \ref on input line 15.
LaTeX Info: Redefining \pageref on input line 15.
LaTeX Info: Redefining \nameref on input line 15.

(./Rapport_For_The_King.out) (./Rapport_For_The_King.out)
\@outlinefile=\write3
\openout3 = `Rapport_For_The_King.out'.

<logolemansU.png, id=76, 494.84875pt x 139.52126pt>
File: logolemansU.png Graphic file (type png)
<use logolemansU.png>
Package pdftex.def Info: logolemansU.png  used on input line 28.
(pdftex.def)             Requested size: 100.91609pt x 28.45274pt.
<logo_IC2.png, id=78, 662.9568pt x 261.1356pt>
File: logo_IC2.png Graphic file (type png)
<use logo_IC2.png>
Package pdftex.def Info: logo_IC2.png  used on input line 30.
(pdftex.def)             Requested size: 108.35132pt x 42.67912pt.
LaTeX Font Info:    External font `cmex10' loaded for size
(Font)              <12> on input line 35.
LaTeX Font Info:    External font `cmex10' loaded for size
(Font)              <8> on input line 35.
LaTeX Font Info:    External font `cmex10' loaded for size
(Font)              <6> on input line 35.
 [1

{/var/lib/texmf/fonts/map/pdftex/updmap/pdftex.map} <./logolemansU.png> <./logo
_IC2.png>]
(./Rapport_For_The_King.toc
LaTeX Font Info:    External font `cmex10' loaded for size
(Font)              <10.95> on input line 4.
)
\tf@toc=\write4
\openout4 = `Rapport_For_The_King.toc'.

 [2] [3]
Overfull \hbox (97.9864pt too wide) in paragraph at lines 113--136
[][]
 []

[4] [5] [6] [7pdfTeX warning (ext4): destination with the same identifier (name
{table.2}) has been already used, duplicate ignored
<argument> ...shipout:D \box_use:N \l_shipout_box 
                                                  \__shipout_drop_firstpage_...
l.229 \item V
             algrind permet de vĂ©rifier les fuites de mĂ©moire dans un prog...
] [8] [9]
<carte.png, id=159, 1371.1225pt x 770.88pt>
File: carte.png Graphic file (type png)
<use carte.png>
Package pdftex.def Info: carte.png  used on input line 282.
(pdftex.def)             Requested size: 253.02605pt x 142.26378pt.
 [10 <./carte.png>]
<../img_jeu/hexagones.png, id=165, 778.91pt x 451.6875pt>
File: ../img_jeu/hexagones.png Graphic file (type png)
<use ../img_jeu/hexagones.png>
Package pdftex.def Info: ../img_jeu/hexagones.png  used on input line 293.
(pdftex.def)             Requested size: 245.3223pt x 142.26378pt.
<../img_jeu/hex1_v2.png, id=166, 1178.4025pt x 1006.76125pt>
File: ../img_jeu/hex1_v2.png Graphic file (type png)
<use ../img_jeu/hex1_v2.png>
Package pdftex.def Info: ../img_jeu/hex1_v2.png  used on input line 303.
(pdftex.def)             Requested size: 166.5036pt x 142.26378pt.
 [11 <../img_jeu/hexagones.png> <../img_jeu/hex1_v2.png>]
<../img_jeu/hex2_v2.png, id=175, 269.005pt x 211.79124pt>
File: ../img_jeu/hex2_v2.png Graphic file (type png)
<use ../img_jeu/hex2_v2.png>
Package pdftex.def Info: ../img_jeu/hex2_v2.png  used on input line 313.
(pdftex.def)             Requested size: 180.70033pt x 142.26378pt.

Underfull \hbox (badness 10000) in paragraph at lines 327--328

 []


Overfull \hbox (12.35715pt too wide) in paragraph at lines 329--331
[]\T1/cmr/m/n/10.95 Le dé-clen-che-ment d'un com-bat via la fonc-tion \T1/cmr/m
/it/10.95 de-man-der_et_lancer_combat
 []

[12 <../img_jeu/hex2_v2.png>]
Underfull \hbox (badness 10000) in paragraph at lines 337--338

 []


Underfull \hbox (badness 10000) in paragraph at lines 350--351

 []


Overfull \hbox (13.61505pt too wide) in paragraph at lines 352--355
[]\T1/cmr/m/n/10.95 Lorsque les PV d'un com-bat-tant tombent ŕ zéro, la fonc-ti
on \T1/cmr/m/it/10.95 com-bat_termine
 []

[13]
<../img_jeu/combat_mage.png, id=187, 1146.08176pt x 592.01175pt>
File: ../img_jeu/combat_mage.png Graphic file (type png)
<use ../img_jeu/combat_mage.png>
Package pdftex.def Info: ../img_jeu/combat_mage.png  used on input line 358.
(pdftex.def)             Requested size: 275.3975pt x 142.26378pt.
<../img_jeu/combat_final.png, id=188, 1156.32pt x 650.43pt>
File: ../img_jeu/combat_final.png Graphic file (type png)
<use ../img_jeu/combat_final.png>
Package pdftex.def Info: ../img_jeu/combat_final.png  used on input line 364.
(pdftex.def)             Requested size: 252.90909pt x 142.26378pt.
 [14 <../img_jeu/combat_mage.png> <../img_jeu/combat_final.png>]
<menu.png, id=197, 1371.1225pt x 770.88pt>
File: menu.png Graphic file (type png)
<use menu.png>
Package pdftex.def Info: menu.png  used on input line 376.
(pdftex.def)             Requested size: 253.02605pt x 142.26378pt.

Underfull \hbox (badness 10000) in paragraph at lines 391--392

 []

[15 <./menu.png>]
<menu_schema.jpeg, id=203, 1027.84pt x 514.92375pt>
File: menu_schema.jpeg Graphic file (type jpg)
<use menu_schema.jpeg>
Package pdftex.def Info: menu_schema.jpeg  used on input line 403.
(pdftex.def)             Requested size: 283.96645pt x 142.26378pt.
 [16 <./menu_schema.jpeg>]
Overfull \hbox (62.2003pt too wide) in paragraph at lines 436--439
[]\T1/cmr/bx/n/10.95 Déplacements : \T1/cmr/m/n/10.95 Le joueur pos-sčde des po
ints de dé-pla-ce-ment (\T1/cmr/m/it/10.95 pts_deplacements\T1/cmr/m/n/10.95 ).

 []


Overfull \hbox (24.2958pt too wide) in paragraph at lines 436--439
\T1/cmr/m/n/10.95 La va-leur ac-tuelle peut ętre consul-tée via \T1/cmr/m/it/10
.95 get_pers_movements_points\T1/cmr/m/n/10.95 . 
 []

<../img_jeu/interaction_monstre4.png, id=209, 1153.30875pt x 594.42075pt>
File: ../img_jeu/interaction_monstre4.png Graphic file (type png)
<use ../img_jeu/interaction_monstre4.png>
Package pdftex.def Info: ../img_jeu/interaction_monstre4.png  used on input lin
e 458.
(pdftex.def)             Requested size: 248.4141pt x 128.0374pt.
[17]
<../img_jeu/interaction_sanctuaire1.png, id=218, 1606.0pt x 903.375pt>
File: ../img_jeu/interaction_sanctuaire1.png Graphic file (type png)
<use ../img_jeu/interaction_sanctuaire1.png>
Package pdftex.def Info: ../img_jeu/interaction_sanctuaire1.png  used on input 
line 464.
(pdftex.def)             Requested size: 252.89732pt x 142.26378pt.
LaTeX Font Info:    Trying to load font information for T1+cmtt on input line 4
71.
 (/usr/share/texlive/texmf-dist/tex/latex/base/t1cmtt.fd
File: t1cmtt.fd 2019/12/16 v2.5j Standard LaTeX font definitions
)
Overfull \hbox (1.17046pt too wide) in paragraph at lines 480--481
[]\T1/cmr/bx/n/10.95 L'inventaire \T1/cmr/m/n/10.95 : Nous avons créé une fonc-
tion \T1/cmtt/m/n/10.95 sauvegarder_inventaire
 []

[18 <../img_jeu/interaction_monstre4.png> <../img_jeu/interaction_sanctuaire1.p
ng>]
Underfull \hbox (badness 10000) in paragraph at lines 486--487

 []

[19]
Underfull \hbox (badness 1292) in paragraph at lines 519--521
[]\T1/cmr/m/n/10.95 Bruit de Per-lin - Wi-ki-pé-dia []$\T1/cmtt/m/n/10.95 https
 : / / fr . wikipedia . org / wiki /
 []


Underfull \hbox (badness 10000) in paragraph at lines 523--525
[]\T1/cmr/m/n/10.95 Red Blob Games - Af-fi-chage hexa-go-nal. []$\T1/cmtt/m/n/1
0.95 https : / / www .
 []

[20] [21] (./Rapport_For_The_King.aux)

LaTeX Warning: There were multiply-defined labels.

Package rerunfilecheck Info: File `Rapport_For_The_King.out' has not changed.
(rerunfilecheck)             Checksum: 96449E49EBFC8F1D3B4BF74D0D66DDA4;2709.
 ) 
Here is how much of TeX's memory you used:
 11020 strings out of 478287
 176357 string characters out of 5849289
 494533 words of memory out of 5000000
 28994 multiletter control sequences out of 15000+600000
 480770 words of font info for 51 fonts, out of 8000000 for 9000
 1141 hyphenation exceptions out of 8191
 60i,9n,63p,992b,544s stack positions out of 5000i,500n,10000p,200000b,80000s
 </home/adrice/.texlive2021/texmf-var/fonts/pk/ljfour/jknappen/ec/ectt1095.60
0pk> </home/adrice/.texlive2021/texmf-var/fonts/pk/ljfour/jknappen/ec/eccc1095.
600pk> </home/adrice/.texlive2021/texmf-var/fonts/pk/ljfour/jknappen/ec/ecti109
5.600pk> </home/adrice/.texlive2021/texmf-var/fonts/pk/ljfour/jknappen/ec/ecbx1
200.600pk> </home/adrice/.texlive2021/texmf-var/fonts/pk/ljfour/jknappen/ec/ecb
x1095.600pk> </home/adrice/.texlive2021/texmf-var/fonts/pk/ljfour/jknappen/ec/e
cbx1440.600pk> </home/adrice/.texlive2021/texmf-var/fonts/pk/ljfour/jknappen/ec
/ecrm1095.600pk> </home/adrice/.texlive2021/texmf-var/fonts/pk/ljfour/jknappen/
ec/ecrm1200.600pk> </home/adrice/.texlive2021/texmf-var/fonts/pk/ljfour/jknappe
n/ec/ecrm1728.600pk> </home/adrice/.texlive2021/texmf-var/fonts/pk/ljfour/jknap
pen/ec/ecbx1728.600pk></usr/share/texlive/texmf-dist/fonts/type1/public/amsfont
s/cm/cmmi10.pfb></usr/share/texlive/texmf-dist/fonts/type1/public/amsfonts/cm/c
mr10.pfb></usr/share/texlive/texmf-dist/fonts/type1/public/amsfonts/cm/cmr8.pfb
></usr/share/texlive/texmf-dist/fonts/type1/public/amsfonts/cm/cmsy10.pfb>
Output written on Rapport_For_The_King.pdf (21 pages, 12513177 bytes).
PDF statistics:
 738 PDF objects out of 1000 (max. 8388607)
 269 compressed objects within 3 object streams
 68 named destinations out of 1000 (max. 500000)
 205 words of extra memory for PDF output out of 10000 (max. 10000000)

